D:\DotnetCore\Examples\DeepakGallery\wwwroot\clientapp\dist\out-tsc\ClientApp\app\app.component.js
D:\DotnetCore\Examples\DeepakGallery\wwwroot\clientapp\dist\out-tsc\ClientApp\app\app.component.js.map
D:\DotnetCore\Examples\DeepakGallery\wwwroot\clientapp\dist\out-tsc\ClientApp\app\shared\product.js
D:\DotnetCore\Examples\DeepakGallery\wwwroot\clientapp\dist\out-tsc\ClientApp\app\shared\product.js.map
D:\DotnetCore\Examples\DeepakGallery\wwwroot\clientapp\dist\out-tsc\ClientApp\app\shared\order.js
D:\DotnetCore\Examples\DeepakGallery\wwwroot\clientapp\dist\out-tsc\ClientApp\app\shared\order.js.map
D:\DotnetCore\Examples\DeepakGallery\wwwroot\clientapp\dist\out-tsc\ClientApp\app\shared\dataService.js
D:\DotnetCore\Examples\DeepakGallery\wwwroot\clientapp\dist\out-tsc\ClientApp\app\shared\dataService.js.map
D:\DotnetCore\Examples\DeepakGallery\wwwroot\clientapp\dist\out-tsc\ClientApp\app\shop\productList.component.js
D:\DotnetCore\Examples\DeepakGallery\wwwroot\clientapp\dist\out-tsc\ClientApp\app\shop\productList.component.js.map
D:\DotnetCore\Examples\DeepakGallery\wwwroot\clientapp\dist\out-tsc\ClientApp\app\shop\cart\cart.component.js
D:\DotnetCore\Examples\DeepakGallery\wwwroot\clientapp\dist\out-tsc\ClientApp\app\shop\cart\cart.component.js.map
D:\DotnetCore\Examples\DeepakGallery\wwwroot\clientapp\dist\out-tsc\ClientApp\app\shop\shop.component.js
D:\DotnetCore\Examples\DeepakGallery\wwwroot\clientapp\dist\out-tsc\ClientApp\app\shop\shop.component.js.map
D:\DotnetCore\Examples\DeepakGallery\wwwroot\clientapp\dist\out-tsc\ClientApp\app\shop\checkout\checkout.component.js
D:\DotnetCore\Examples\DeepakGallery\wwwroot\clientapp\dist\out-tsc\ClientApp\app\shop\checkout\checkout.component.js.map
D:\DotnetCore\Examples\DeepakGallery\wwwroot\clientapp\dist\out-tsc\ClientApp\app\shop\login\login.component.js
D:\DotnetCore\Examples\DeepakGallery\wwwroot\clientapp\dist\out-tsc\ClientApp\app\shop\login\login.component.js.map
D:\DotnetCore\Examples\DeepakGallery\wwwroot\clientapp\dist\out-tsc\ClientApp\app\orderModule\order\orderDetails.component.js
D:\DotnetCore\Examples\DeepakGallery\wwwroot\clientapp\dist\out-tsc\ClientApp\app\orderModule\order\orderDetails.component.js.map
D:\DotnetCore\Examples\DeepakGallery\wwwroot\clientapp\dist\out-tsc\ClientApp\app\app.module.js
D:\DotnetCore\Examples\DeepakGallery\wwwroot\clientapp\dist\out-tsc\ClientApp\app\app.module.js.map
D:\DotnetCore\Examples\DeepakGallery\wwwroot\clientapp\dist\out-tsc\ClientApp\environments\environment.js
D:\DotnetCore\Examples\DeepakGallery\wwwroot\clientapp\dist\out-tsc\ClientApp\environments\environment.js.map
D:\DotnetCore\Examples\DeepakGallery\wwwroot\clientapp\dist\out-tsc\ClientApp\main.js
D:\DotnetCore\Examples\DeepakGallery\wwwroot\clientapp\dist\out-tsc\ClientApp\main.js.map
D:\DotnetCore\Examples\DeepakGallery\wwwroot\clientapp\dist\out-tsc\ClientApp\polyfills.js
D:\DotnetCore\Examples\DeepakGallery\wwwroot\clientapp\dist\out-tsc\ClientApp\polyfills.js.map
D:\DotnetCore\Examples\DeepakGallery\wwwroot\clientapp\dist\out-tsc\ClientApp\test.js
D:\DotnetCore\Examples\DeepakGallery\wwwroot\clientapp\dist\out-tsc\ClientApp\test.js.map
D:\DotnetCore\Examples\DeepakGallery\wwwroot\clientapp\dist\out-tsc\ClientApp\app\orderModule\order.module.js
D:\DotnetCore\Examples\DeepakGallery\wwwroot\clientapp\dist\out-tsc\ClientApp\app\orderModule\order.module.js.map
D:\DotnetCore\Examples\DeepakGallery\wwwroot\clientapp\dist\out-tsc\ClientApp\environments\environment.prod.js
D:\DotnetCore\Examples\DeepakGallery\wwwroot\clientapp\dist\out-tsc\ClientApp\environments\environment.prod.js.map
D:\DotnetCore\Examples\DeepakGallery\wwwroot\clientapp\dist\out-tsc\gallery-app\e2e\src\app.po.js
D:\DotnetCore\Examples\DeepakGallery\wwwroot\clientapp\dist\out-tsc\gallery-app\e2e\src\app.po.js.map
D:\DotnetCore\Examples\DeepakGallery\wwwroot\clientapp\dist\out-tsc\gallery-app\e2e\src\app.e2e-spec.js
D:\DotnetCore\Examples\DeepakGallery\wwwroot\clientapp\dist\out-tsc\gallery-app\e2e\src\app.e2e-spec.js.map
D:\DotnetCore\Examples\DeepakGallery\wwwroot\clientapp\dist\out-tsc\gallery-app\src\app\app-routing.module.js
D:\DotnetCore\Examples\DeepakGallery\wwwroot\clientapp\dist\out-tsc\gallery-app\src\app\app-routing.module.js.map
D:\DotnetCore\Examples\DeepakGallery\wwwroot\clientapp\dist\out-tsc\gallery-app\src\app\app.component.js
D:\DotnetCore\Examples\DeepakGallery\wwwroot\clientapp\dist\out-tsc\gallery-app\src\app\app.component.js.map
D:\DotnetCore\Examples\DeepakGallery\wwwroot\clientapp\dist\out-tsc\gallery-app\src\app\app.module.js
D:\DotnetCore\Examples\DeepakGallery\wwwroot\clientapp\dist\out-tsc\gallery-app\src\app\app.module.js.map
D:\DotnetCore\Examples\DeepakGallery\wwwroot\clientapp\dist\out-tsc\gallery-app\src\environments\environment.js
D:\DotnetCore\Examples\DeepakGallery\wwwroot\clientapp\dist\out-tsc\gallery-app\src\environments\environment.js.map
D:\DotnetCore\Examples\DeepakGallery\wwwroot\clientapp\dist\out-tsc\gallery-app\src\main.js
D:\DotnetCore\Examples\DeepakGallery\wwwroot\clientapp\dist\out-tsc\gallery-app\src\main.js.map
D:\DotnetCore\Examples\DeepakGallery\wwwroot\clientapp\dist\out-tsc\gallery-app\src\polyfills.js
D:\DotnetCore\Examples\DeepakGallery\wwwroot\clientapp\dist\out-tsc\gallery-app\src\polyfills.js.map
D:\DotnetCore\Examples\DeepakGallery\wwwroot\clientapp\dist\out-tsc\gallery-app\src\test.js
D:\DotnetCore\Examples\DeepakGallery\wwwroot\clientapp\dist\out-tsc\gallery-app\src\test.js.map
D:\DotnetCore\Examples\DeepakGallery\wwwroot\clientapp\dist\out-tsc\gallery-app\src\environments\environment.prod.js
D:\DotnetCore\Examples\DeepakGallery\wwwroot\clientapp\dist\out-tsc\gallery-app\src\environments\environment.prod.js.map
D:\DotnetCore\Examples\DeepakGallery\wwwroot\clientapp\dist\out-tsc\mygallery-app\e2e\src\app.po.js
D:\DotnetCore\Examples\DeepakGallery\wwwroot\clientapp\dist\out-tsc\mygallery-app\e2e\src\app.po.js.map
D:\DotnetCore\Examples\DeepakGallery\wwwroot\clientapp\dist\out-tsc\mygallery-app\e2e\src\app.e2e-spec.js
D:\DotnetCore\Examples\DeepakGallery\wwwroot\clientapp\dist\out-tsc\mygallery-app\e2e\src\app.e2e-spec.js.map
D:\DotnetCore\Examples\DeepakGallery\wwwroot\clientapp\dist\out-tsc\mygallery-app\src\app\app.component.js
D:\DotnetCore\Examples\DeepakGallery\wwwroot\clientapp\dist\out-tsc\mygallery-app\src\app\app.component.js.map
D:\DotnetCore\Examples\DeepakGallery\wwwroot\clientapp\dist\out-tsc\mygallery-app\src\app\app.module.js
D:\DotnetCore\Examples\DeepakGallery\wwwroot\clientapp\dist\out-tsc\mygallery-app\src\app\app.module.js.map
D:\DotnetCore\Examples\DeepakGallery\wwwroot\clientapp\dist\out-tsc\mygallery-app\src\environments\environment.js
D:\DotnetCore\Examples\DeepakGallery\wwwroot\clientapp\dist\out-tsc\mygallery-app\src\environments\environment.js.map
D:\DotnetCore\Examples\DeepakGallery\wwwroot\clientapp\dist\out-tsc\mygallery-app\src\main.js
D:\DotnetCore\Examples\DeepakGallery\wwwroot\clientapp\dist\out-tsc\mygallery-app\src\main.js.map
D:\DotnetCore\Examples\DeepakGallery\wwwroot\clientapp\dist\out-tsc\mygallery-app\src\polyfills.js
D:\DotnetCore\Examples\DeepakGallery\wwwroot\clientapp\dist\out-tsc\mygallery-app\src\polyfills.js.map
D:\DotnetCore\Examples\DeepakGallery\wwwroot\clientapp\dist\out-tsc\mygallery-app\src\test.js
D:\DotnetCore\Examples\DeepakGallery\wwwroot\clientapp\dist\out-tsc\mygallery-app\src\test.js.map
D:\DotnetCore\Examples\DeepakGallery\wwwroot\clientapp\dist\out-tsc\mygallery-app\src\environments\environment.prod.js
D:\DotnetCore\Examples\DeepakGallery\wwwroot\clientapp\dist\out-tsc\mygallery-app\src\environments\environment.prod.js.map
D:\DotnetCore\Examples\DeepakGallery\wwwroot\clientapp\dist\out-tsc\wwwroot\ts\main.js
D:\DotnetCore\Examples\DeepakGallery\wwwroot\clientapp\dist\out-tsc\wwwroot\ts\main.js.map
D:\DotnetCore\Examples\DeepakGallery\wwwroot\clientapp\dist\out-tsc\wwwroot\ts\storeCustomer.js
D:\DotnetCore\Examples\DeepakGallery\wwwroot\clientapp\dist\out-tsc\wwwroot\ts\storeCustomer.js.map
